To honour the JVM settings for this build a single-use Daemon process will be forked. See https://docs.gradle.org/8.0/userguide/gradle_daemon.html#sec:disabling_the_daemon.
Daemon will be stopped at the end of the build 
> Task :app:preBuild UP-TO-DATE
> Task :app:preDebugBuild UP-TO-DATE
> Task :app:javaPreCompileDebug UP-TO-DATE
> Task :app:checkDebugAarMetadata UP-TO-DATE
> Task :app:generateDebugResValues UP-TO-DATE
> Task :app:processDebugGoogleServices UP-TO-DATE
> Task :app:mapDebugSourceSetPaths UP-TO-DATE
> Task :app:generateDebugResources UP-TO-DATE
> Task :app:mergeDebugResources UP-TO-DATE
> Task :app:packageDebugResources UP-TO-DATE
> Task :app:parseDebugLocalResources UP-TO-DATE
> Task :app:createDebugCompatibleScreenManifests UP-TO-DATE
> Task :app:extractDeepLinksDebug UP-TO-DATE
> Task :app:processDebugMainManifest UP-TO-DATE
> Task :app:processDebugManifest UP-TO-DATE
> Task :app:processDebugManifestForPackage UP-TO-DATE
> Task :app:processDebugResources UP-TO-DATE

./gradlew : C:\Users\hp\Down
loads\Cropmate-master\Cropma
te-master\app\src\main\java\
com\example\cropmate\Analysi
sResultActivity.java:180: 
error: local variables 
referenced from a lambda 
expression must be final or 
effectively final
At line:1 char:65
+ ... tudio\jbr"; ./gradlew 
installDebug 
--console=plain --no-daemon 
2>&1 | ...
+                 ~~~~~~~~~~
~~~~~~~~~~~~~~~~~~~~~~~~~~~~
~~~~~~~~~~~~~~~~~
    + CategoryInfo          
    : NotSpecified: (C:\Us  
  ers\hp\Dow...fectively    
 final:String) [], Remot    
eException
    + FullyQualifiedErrorId 
    : NativeCommandError
 
            geminiHelper.get
Recommendation(prompt, new G
eminiHelper.GeminiCallback()
 {
                            
               ^
> Task :app:compileDebugJavaWithJavac
Note: C:\Users\hp\Downloads\
Cropmate-master\Cropmate-mas
ter\app\src\main\java\com\ex
ample\cropmate\LiveSoilTesti
ngActivity.java uses or 
overrides a deprecated API.
Note: Recompile with 
-Xlint:deprecation for 
details.
1 error

> Task :app:compileDebugJavaWithJavac FAILED

FAILURE: Build failed with 
an exception.

* What went wrong:
Execution failed for task ':
app:compileDebugJavaWithJava
c'.
> Compilation failed; see 
the compiler error output 
for details.

* Try:
> Run with --stacktrace 
option to get the stack 
trace.
> Run with --info or 
--debug option to get more 
log output.
> Run with --scan to get 
full insights.

* Get more help at 
https://help.gradle.org

BUILD FAILED in 38s
15 actionable tasks: 1 executed, 14 up-to-date
